<?xml version="1.0" encoding="UTF-8"?>
<testng-results ignored="2" total="3" passed="0" failed="1" skipped="0">
  <reporter-output>
  </reporter-output>
  <suite started-at="2025-05-03T21:58:45 IST" name="Suite" finished-at="2025-05-03T22:05:14 IST" duration-ms="388539">
    <groups>
    </groups>
    <test started-at="2025-05-03T21:58:45 IST" name="Test" finished-at="2025-05-03T22:05:14 IST" duration-ms="388539">
      <class name="test.ParallelExecution_Test">
        <test-method is-config="true" signature="beforeSuite()[pri:0, instance:test.ParallelExecution_Test@36bc55de]" started-at="2025-05-03T21:58:44 IST" name="beforeSuite" finished-at="2025-05-03T21:58:45 IST" duration-ms="1170" status="PASS">
          <reporter-output>
          </reporter-output>
        </test-method> <!-- beforeSuite -->
        <test-method is-config="true" signature="beforeTest()[pri:0, instance:test.ParallelExecution_Test@36bc55de]" started-at="2025-05-03T21:58:45 IST" name="beforeTest" finished-at="2025-05-03T21:58:45 IST" duration-ms="3" status="PASS">
          <reporter-output>
          </reporter-output>
        </test-method> <!-- beforeTest -->
        <test-method is-config="true" signature="beforeClass()[pri:0, instance:test.ParallelExecution_Test@36bc55de]" started-at="2025-05-03T21:58:45 IST" name="beforeClass" finished-at="2025-05-03T21:58:45 IST" duration-ms="0" status="PASS">
          <reporter-output>
          </reporter-output>
        </test-method> <!-- beforeClass -->
        <test-method is-config="true" signature="beforeMethod(java.lang.reflect.Method)[pri:0, instance:test.ParallelExecution_Test@36bc55de]" started-at="2025-05-03T21:58:45 IST" name="beforeMethod" finished-at="2025-05-03T22:04:01 IST" duration-ms="315775" status="PASS">
          <params>
            <param index="0">
              <value>
                <![CDATA[public void test.ParallelExecution_Test.testingSelenium()]]>
              </value>
            </param>
          </params>
          <reporter-output>
          </reporter-output>
        </test-method> <!-- beforeMethod -->
        <test-method signature="testingSelenium()[pri:0, instance:test.ParallelExecution_Test@36bc55de]" started-at="2025-05-03T22:04:01 IST" name="testingSelenium" finished-at="2025-05-03T22:04:58 IST" duration-ms="56657" status="FAIL">
          <exception class="org.openqa.selenium.InvalidArgumentException">
            <message>
              <![CDATA[invalid argument: File not found : C:\Users\Sharath\New Workspace\Framework_Development\src\test\resources\config.properties
  (Session info: chrome=135.0.7049.96)
Build info: version: '4.31.0', revision: '1ef9f18787*'
System info: os.name: 'Windows 10', os.arch: 'amd64', os.version: '10.0', java.version: '21.0.2'
Driver info: org.openqa.selenium.chrome.ChromeDriver
Command: [e2a6050a82a3b2f64ac20e16b165d45c, sendKeysToElement {id=f.68B257B448D4E957565CC521942FC647.d.8CCCCFFC283BF38070FC741957AAECDE.e.45, value=[Ljava.lang.CharSequence;@24744ebf}]
Capabilities {acceptInsecureCerts: false, browserName: chrome, browserVersion: 135.0.7049.96, chrome: {chromedriverVersion: 135.0.7049.114 (63fd8a7d9d0..., userDataDir: C:\Users\Sharath\AppData\Lo...}, fedcm:accounts: true, goog:chromeOptions: {debuggerAddress: localhost:55622}, networkConnectionEnabled: false, pageLoadStrategy: normal, platformName: windows, proxy: Proxy(), se:cdp: ws://localhost:55622/devtoo..., se:cdpVersion: 135.0.7049.96, setWindowRect: true, strictFileInteractability: false, timeouts: {implicit: 0, pageLoad: 300000, script: 30000}, unhandledPromptBehavior: dismiss and notify, webauthn:extension:credBlob: true, webauthn:extension:largeBlob: true, webauthn:extension:minPinLength: true, webauthn:extension:prf: true, webauthn:virtualAuthenticators: true}
Element: [[ChromeDriver: chrome on windows (e2a6050a82a3b2f64ac20e16b165d45c)] -> id: uploadFile]
Session ID: e2a6050a82a3b2f64ac20e16b165d45c]]>
            </message>
            <full-stacktrace>
              <![CDATA[org.openqa.selenium.InvalidArgumentException: invalid argument: File not found : C:\Users\Sharath\New Workspace\Framework_Development\src\test\resources\config.properties
  (Session info: chrome=135.0.7049.96)
Build info: version: '4.31.0', revision: '1ef9f18787*'
System info: os.name: 'Windows 10', os.arch: 'amd64', os.version: '10.0', java.version: '21.0.2'
Driver info: org.openqa.selenium.chrome.ChromeDriver
Command: [e2a6050a82a3b2f64ac20e16b165d45c, sendKeysToElement {id=f.68B257B448D4E957565CC521942FC647.d.8CCCCFFC283BF38070FC741957AAECDE.e.45, value=[Ljava.lang.CharSequence;@24744ebf}]
Capabilities {acceptInsecureCerts: false, browserName: chrome, browserVersion: 135.0.7049.96, chrome: {chromedriverVersion: 135.0.7049.114 (63fd8a7d9d0..., userDataDir: C:\Users\Sharath\AppData\Lo...}, fedcm:accounts: true, goog:chromeOptions: {debuggerAddress: localhost:55622}, networkConnectionEnabled: false, pageLoadStrategy: normal, platformName: windows, proxy: Proxy(), se:cdp: ws://localhost:55622/devtoo..., se:cdpVersion: 135.0.7049.96, setWindowRect: true, strictFileInteractability: false, timeouts: {implicit: 0, pageLoad: 300000, script: 30000}, unhandledPromptBehavior: dismiss and notify, webauthn:extension:credBlob: true, webauthn:extension:largeBlob: true, webauthn:extension:minPinLength: true, webauthn:extension:prf: true, webauthn:virtualAuthenticators: true}
Element: [[ChromeDriver: chrome on windows (e2a6050a82a3b2f64ac20e16b165d45c)] -> id: uploadFile]
Session ID: e2a6050a82a3b2f64ac20e16b165d45c
at java.base/jdk.internal.reflect.DirectConstructorHandleAccessor.newInstance(DirectConstructorHandleAccessor.java:62)
at java.base/java.lang.reflect.Constructor.newInstanceWithCaller(Constructor.java:502)
at java.base/java.lang.reflect.Constructor.newInstance(Constructor.java:486)
at org.openqa.selenium.remote.ErrorCodec.decode(ErrorCodec.java:167)
at org.openqa.selenium.remote.codec.w3c.W3CHttpResponseCodec.decode(W3CHttpResponseCodec.java:138)
at org.openqa.selenium.remote.codec.w3c.W3CHttpResponseCodec.decode(W3CHttpResponseCodec.java:50)
at org.openqa.selenium.remote.HttpCommandExecutor.execute(HttpCommandExecutor.java:215)
at org.openqa.selenium.remote.service.DriverCommandExecutor.invokeExecute(DriverCommandExecutor.java:216)
at org.openqa.selenium.remote.service.DriverCommandExecutor.execute(DriverCommandExecutor.java:174)
at org.openqa.selenium.remote.RemoteWebDriver.execute(RemoteWebDriver.java:545)
at org.openqa.selenium.remote.RemoteWebElement.execute(RemoteWebElement.java:223)
at org.openqa.selenium.remote.RemoteWebElement.sendKeys(RemoteWebElement.java:110)
at test.ParallelExecution_Test.testingSelenium(ParallelExecution_Test.java:30)
at java.base/jdk.internal.reflect.DirectMethodHandleAccessor.invoke(DirectMethodHandleAccessor.java:103)
at java.base/java.lang.reflect.Method.invoke(Method.java:580)
at org.testng.internal.MethodInvocationHelper.invokeMethod(MethodInvocationHelper.java:133)
at org.testng.internal.TestInvoker.invokeMethod(TestInvoker.java:598)
at org.testng.internal.TestInvoker.invokeTestMethod(TestInvoker.java:173)
at org.testng.internal.MethodRunner.runInSequence(MethodRunner.java:46)
at org.testng.internal.TestInvoker$MethodInvocationAgent.invoke(TestInvoker.java:824)
at org.testng.internal.TestInvoker.invokeTestMethods(TestInvoker.java:146)
at org.testng.internal.TestMethodWorker.invokeTestMethods(TestMethodWorker.java:146)
at org.testng.internal.TestMethodWorker.run(TestMethodWorker.java:128)
at java.base/java.util.concurrent.ThreadPoolExecutor.runWorker(ThreadPoolExecutor.java:1144)
at java.base/java.util.concurrent.ThreadPoolExecutor$Worker.run(ThreadPoolExecutor.java:642)
at java.base/java.lang.Thread.run(Thread.java:1583)
]]>
            </full-stacktrace>
          </exception> <!-- org.openqa.selenium.InvalidArgumentException -->
          <reporter-output>
          </reporter-output>
        </test-method> <!-- testingSelenium -->
        <test-method is-config="true" signature="afterMethod(org.testng.ITestResult)[pri:0, instance:test.ParallelExecution_Test@36bc55de]" started-at="2025-05-03T22:04:58 IST" name="afterMethod" finished-at="2025-05-03T22:05:13 IST" duration-ms="15669" status="PASS">
          <params>
            <param index="0">
              <value>
                <![CDATA[[TestResult name=testingSelenium status=FAILURE method=ParallelExecution_Test.testingSelenium()[pri:0, instance:test.ParallelExecution_Test@36bc55de] output={null}]]]>
              </value>
            </param>
          </params>
          <reporter-output>
          </reporter-output>
        </test-method> <!-- afterMethod -->
        <test-method is-config="true" signature="afterClass()[pri:0, instance:test.ParallelExecution_Test@36bc55de]" started-at="2025-05-03T22:05:14 IST" name="afterClass" finished-at="2025-05-03T22:05:14 IST" duration-ms="1" status="PASS">
          <reporter-output>
          </reporter-output>
        </test-method> <!-- afterClass -->
        <test-method is-config="true" signature="afterTest()[pri:0, instance:test.ParallelExecution_Test@36bc55de]" started-at="2025-05-03T22:05:14 IST" name="afterTest" finished-at="2025-05-03T22:05:14 IST" duration-ms="1" status="PASS">
          <reporter-output>
          </reporter-output>
        </test-method> <!-- afterTest -->
        <test-method is-config="true" signature="afterSuite()[pri:0, instance:test.ParallelExecution_Test@36bc55de]" started-at="2025-05-03T22:05:16 IST" name="afterSuite" finished-at="2025-05-03T22:05:23 IST" duration-ms="7145" status="PASS">
          <reporter-output>
          </reporter-output>
        </test-method> <!-- afterSuite -->
      </class> <!-- test.ParallelExecution_Test -->
    </test> <!-- Test -->
  </suite> <!-- Suite -->
</testng-results>
